# JRE version: Java(TM) SE Runtime Environment (21.0.6+8) (build 21.0.6+8-LTS-188)
# Java VM: Java HotSpot(TM) 64-Bit Server VM (21.0.6+8-LTS-188, mixed mode, emulated-client, sharing, tiered, compressed oops, compressed class ptrs, g1 gc, windows-amd64)
GC Precious Log:
 CardTable entry size: 512
 Card Set container configuration: InlinePtr #cards 4 size 8 Array Of Cards #cards 16 size 48 Howl #buckets 8 coarsen threshold 3686 Howl Bitmap #cards 512 size 80 coarsen threshold 460 Card regions per heap region 1 cards per card region 4096
 CPUs: 12 total, 12 available
 Memory: 16072M
 Large Page Support: Disabled
 NUMA Support: Disabled
 Compressed Oops: Enabled (Zero based)
 Heap Region Size: 2M
 Heap Min Capacity: 8M
 Heap Initial Capacity: 252M
 Heap Max Capacity: 4020M
 Pre-touch: Disabled
 Parallel Workers: 10
 Concurrent Workers: 3
 Concurrent Refinement Workers: 10
 Periodic GC: Disabled
Heap:
 garbage-first heap   total 98304K, used 33919K [0x0000000704c00000, 0x0000000800000000)
  region size 2048K, 6 young (12288K), 3 survivors (6144K)
 Metaspace       used 64762K, committed 65536K, reserved 1114112K
  class space    used 8918K, committed 9280K, reserved 1048576K
GC Heap History (20 events):
Event: 1.070 GC heap before
{Heap before GC invocations=6 (full 0):
 garbage-first heap   total 77824K, used 58027K [0x0000000704c00000, 0x0000000800000000)
  region size 2048K, 22 young (45056K), 2 survivors (4096K)
 Metaspace       used 27221K, committed 27584K, reserved 1114112K
  class space    used 3596K, committed 3776K, reserved 1048576K
}
Event: 1.073 GC heap after
{Heap after GC invocations=7 (full 0):
 garbage-first heap   total 94208K, used 18108K [0x0000000704c00000, 0x0000000800000000)
  region size 2048K, 3 young (6144K), 3 survivors (6144K)
 Metaspace       used 27221K, committed 27584K, reserved 1114112K
  class space    used 3596K, committed 3776K, reserved 1048576K
}
Event: 1.241 GC heap before
{Heap before GC invocations=7 (full 0):
 garbage-first heap   total 94208K, used 50876K [0x0000000704c00000, 0x0000000800000000)
  region size 2048K, 20 young (40960K), 3 survivors (6144K)
 Metaspace       used 29848K, committed 30336K, reserved 1114112K
  class space    used 3993K, committed 4224K, reserved 1048576K
}
Event: 1.246 GC heap after
{Heap after GC invocations=8 (full 0):
 garbage-first heap   total 94208K, used 19470K [0x0000000704c00000, 0x0000000800000000)
  region size 2048K, 3 young (6144K), 3 survivors (6144K)
 Metaspace       used 29848K, committed 30336K, reserved 1114112K
  class space    used 3993K, committed 4224K, reserved 1048576K
}
Event: 1.427 GC heap before
{Heap before GC invocations=9 (full 0):
 garbage-first heap   total 81920K, used 62478K [0x0000000704c00000, 0x0000000800000000)
  region size 2048K, 24 young (49152K), 3 survivors (6144K)
 Metaspace       used 33805K, committed 34368K, reserved 1114112K
  class space    used 4560K, committed 4800K, reserved 1048576K
}
Event: 1.432 GC heap after
{Heap after GC invocations=10 (full 0):
 garbage-first heap   total 81920K, used 21577K [0x0000000704c00000, 0x0000000800000000)
  region size 2048K, 2 young (4096K), 2 survivors (4096K)
 Metaspace       used 33805K, committed 34368K, reserved 1114112K
  class space    used 4560K, committed 4800K, reserved 1048576K
}
Event: 1.641 GC heap before
{Heap before GC invocations=10 (full 0):
 garbage-first heap   total 81920K, used 66633K [0x0000000704c00000, 0x0000000800000000)
  region size 2048K, 24 young (49152K), 2 survivors (4096K)
 Metaspace       used 37632K, committed 38272K, reserved 1114112K
  class space    used 4997K, committed 5312K, reserved 1048576K
}
Event: 1.643 GC heap after
{Heap after GC invocations=11 (full 0):
 garbage-first heap   total 81920K, used 23457K [0x0000000704c00000, 0x0000000800000000)
  region size 2048K, 2 young (4096K), 2 survivors (4096K)
 Metaspace       used 37632K, committed 38272K, reserved 1114112K
  class space    used 4997K, committed 5312K, reserved 1048576K
}
Event: 1.801 GC heap before
{Heap before GC invocations=11 (full 0):
 garbage-first heap   total 81920K, used 68513K [0x0000000704c00000, 0x0000000800000000)
  region size 2048K, 24 young (49152K), 2 survivors (4096K)
 Metaspace       used 41640K, committed 42304K, reserved 1114112K
  class space    used 5579K, committed 5888K, reserved 1048576K
}
Event: 1.803 GC heap after
{Heap after GC invocations=12 (full 0):
 garbage-first heap   total 81920K, used 24485K [0x0000000704c00000, 0x0000000800000000)
  region size 2048K, 2 young (4096K), 2 survivors (4096K)
 Metaspace       used 41640K, committed 42304K, reserved 1114112K
  class space    used 5579K, committed 5888K, reserved 1048576K
}
Event: 1.959 GC heap before
{Heap before GC invocations=12 (full 0):
 garbage-first heap   total 81920K, used 69541K [0x0000000704c00000, 0x0000000800000000)
  region size 2048K, 24 young (49152K), 2 survivors (4096K)
 Metaspace       used 45734K, committed 46400K, reserved 1114112K
  class space    used 6196K, committed 6528K, reserved 1048576K
}
Event: 1.960 GC heap after
{Heap after GC invocations=13 (full 0):
 garbage-first heap   total 98304K, used 25838K [0x0000000704c00000, 0x0000000800000000)
  region size 2048K, 3 young (6144K), 3 survivors (6144K)
 Metaspace       used 45734K, committed 46400K, reserved 1114112K
  class space    used 6196K, committed 6528K, reserved 1048576K
}
Event: 2.114 GC heap before
{Heap before GC invocations=13 (full 0):
 garbage-first heap   total 98304K, used 66798K [0x0000000704c00000, 0x0000000800000000)
  region size 2048K, 24 young (49152K), 3 survivors (6144K)
 Metaspace       used 50226K, committed 50816K, reserved 1114112K
  class space    used 6761K, committed 7040K, reserved 1048576K
}
Event: 2.116 GC heap after
{Heap after GC invocations=14 (full 0):
 garbage-first heap   total 98304K, used 26856K [0x0000000704c00000, 0x0000000800000000)
  region size 2048K, 3 young (6144K), 3 survivors (6144K)
 Metaspace       used 50226K, committed 50816K, reserved 1114112K
  class space    used 6761K, committed 7040K, reserved 1048576K
}
Event: 2.327 GC heap before
{Heap before GC invocations=15 (full 0):
 garbage-first heap   total 98304K, used 76008K [0x0000000704c00000, 0x0000000800000000)
  region size 2048K, 28 young (57344K), 3 survivors (6144K)
 Metaspace       used 54619K, committed 55296K, reserved 1114112K
  class space    used 7315K, committed 7616K, reserved 1048576K
}
Event: 2.329 GC heap after
{Heap after GC invocations=16 (full 0):
 garbage-first heap   total 98304K, used 28425K [0x0000000704c00000, 0x0000000800000000)
  region size 2048K, 3 young (6144K), 3 survivors (6144K)
 Metaspace       used 54619K, committed 55296K, reserved 1114112K
  class space    used 7315K, committed 7616K, reserved 1048576K
}
Event: 2.531 GC heap before
{Heap before GC invocations=16 (full 0):
 garbage-first heap   total 98304K, used 77577K [0x0000000704c00000, 0x0000000800000000)
  region size 2048K, 28 young (57344K), 3 survivors (6144K)
 Metaspace       used 60232K, committed 60864K, reserved 1114112K
  class space    used 8255K, committed 8512K, reserved 1048576K
}
Event: 2.533 GC heap after
{Heap after GC invocations=17 (full 0):
 garbage-first heap   total 98304K, used 28695K [0x0000000704c00000, 0x0000000800000000)
  region size 2048K, 3 young (6144K), 3 survivors (6144K)
 Metaspace       used 60232K, committed 60864K, reserved 1114112K
  class space    used 8255K, committed 8512K, reserved 1048576K
}
Event: 2.759 GC heap before
{Heap before GC invocations=17 (full 0):
 garbage-first heap   total 98304K, used 79895K [0x0000000704c00000, 0x0000000800000000)
  region size 2048K, 28 young (57344K), 3 survivors (6144K)
 Metaspace       used 64420K, committed 65088K, reserved 1114112K
  class space    used 8873K, committed 9152K, reserved 1048576K
}
Event: 2.761 GC heap after
{Heap after GC invocations=18 (full 0):
 garbage-first heap   total 98304K, used 29823K [0x0000000704c00000, 0x0000000800000000)
  region size 2048K, 3 young (6144K), 3 survivors (6144K)
 Metaspace       used 64420K, committed 65088K, reserved 1114112K
  class space    used 8873K, committed 9152K, reserved 1048576K
}

